d:\development\learning\c\2dgameengine\2dgameengine\debug\vc143.pdb
d:\development\learning\c\2dgameengine\2dgameengine\debug\vc143.idb
d:\development\learning\c\2dgameengine\2dgameengine\debug\main.obj
d:\development\learning\c\2dgameengine\2dgameengine\debug\imgui_widgets.obj
d:\development\learning\c\2dgameengine\2dgameengine\debug\imgui_sdl.obj
d:\development\learning\c\2dgameengine\2dgameengine\debug\imgui_draw.obj
d:\development\learning\c\2dgameengine\2dgameengine\debug\imgui_demo.obj
d:\development\learning\c\2dgameengine\2dgameengine\debug\imgui.obj
d:\development\learning\c\2dgameengine\2dgameengine\debug\glm.obj
d:\development\learning\c\2dgameengine\debug\2dgameengine.pdb
d:\development\learning\c\2dgameengine\2dgameengine\debug\2dgameengine.tlog\cl.command.1.tlog
d:\development\learning\c\2dgameengine\2dgameengine\debug\2dgameengine.tlog\cl.read.1.tlog
d:\development\learning\c\2dgameengine\2dgameengine\debug\2dgameengine.tlog\cl.write.1.tlog
d:\development\learning\c\2dgameengine\2dgameengine\debug\2dgameengine.tlog\link-cvtres.read.1.tlog
d:\development\learning\c\2dgameengine\2dgameengine\debug\2dgameengine.tlog\link-cvtres.write.1.tlog
d:\development\learning\c\2dgameengine\2dgameengine\debug\2dgameengine.tlog\link-rc.read.1.tlog
d:\development\learning\c\2dgameengine\2dgameengine\debug\2dgameengine.tlog\link-rc.write.1.tlog
d:\development\learning\c\2dgameengine\2dgameengine\debug\2dgameengine.tlog\link.command.1.tlog
d:\development\learning\c\2dgameengine\2dgameengine\debug\2dgameengine.tlog\link.read.1.tlog
d:\development\learning\c\2dgameengine\2dgameengine\debug\2dgameengine.tlog\link.write.1.tlog
